Using pre-set license
Built from '2020.3/staging' branch; Version is '2020.3.9f1 (108be757e447) revision 1084391'; Using compiler version '192528614'; Build Type 'Release'
OS: 'Windows 10 Home; OS build 19042.1288; Version 2009; 64bit' Language: 'en' Physical Memory: 20411 MB
BatchMode: 1, IsHumanControllingUs: 0, StartBugReporterOnCrash: 0, Is64bit: 1, IsPro: 0

 COMMAND LINE ARGUMENTS:
C:\Program Files\Unity\Hub\Editor\2020.3.9f1\Editor\Unity.exe
-adb2
-batchMode
-noUpm
-name
AssetImportWorker0
-projectPath
D:/Projects/Box-ing
-logFile
Logs/AssetImportWorker0.log
-srvPort
54710
Successfully changed project path to: D:/Projects/Box-ing
D:/Projects/Box-ing
Using Asset Import Pipeline V2.
Refreshing native plugins compatible for Editor in 47.82 ms, found 1 plugins.
Preloading 0 native plugins for Editor in 0.00 ms.
Initialize engine version: 2020.3.9f1 (108be757e447)
[Subsystems] Discovering subsystems at path C:/Program Files/Unity/Hub/Editor/2020.3.9f1/Editor/Data/Resources/UnitySubsystems
[Subsystems] Discovering subsystems at path D:/Projects/Box-ing/Assets
GfxDevice: creating device client; threaded=0
Direct3D:
    Version:  Direct3D 11.0 [level 11.1]
    Renderer: NVIDIA GeForce GTX 1650 (ID=0x1f82)
    Vendor:   
    VRAM:     3962 MB
    Driver:   27.21.14.5671
Initialize mono
Mono path[0] = 'C:/Program Files/Unity/Hub/Editor/2020.3.9f1/Editor/Data/Managed'
Mono path[1] = 'C:/Program Files/Unity/Hub/Editor/2020.3.9f1/Editor/Data/MonoBleedingEdge/lib/mono/unityjit'
Mono config path = 'C:/Program Files/Unity/Hub/Editor/2020.3.9f1/Editor/Data/MonoBleedingEdge/etc'
Using monoOptions --debugger-agent=transport=dt_socket,embedding=1,server=y,suspend=n,address=127.0.0.1:56244
Begin MonoManager ReloadAssembly
Registering precompiled unity dll's ...
Register platform support module: C:/Program Files/Unity/Hub/Editor/2020.3.9f1/Editor/Data/PlaybackEngines/WindowsStandaloneSupport/UnityEditor.WindowsStandalone.Extensions.dll
Register platform support module: C:/Program Files/Unity/Hub/Editor/2020.3.9f1/Editor/Data/PlaybackEngines/LinuxStandaloneSupport/UnityEditor.LinuxStandalone.Extensions.dll
Registered in 0.259142 seconds.
Native extension for LinuxStandalone target not found
Native extension for WindowsStandalone target not found
Refreshing native plugins compatible for Editor in 49.10 ms, found 1 plugins.
Preloading 0 native plugins for Editor in 0.00 ms.
Mono: successfully reloaded assembly
- Completed reload, in  2.910 seconds
Platform modules already initialized, skipping
Registering precompiled user dll's ...
Registered in 0.113371 seconds.
Begin MonoManager ReloadAssembly
Native extension for LinuxStandalone target not found
Native extension for WindowsStandalone target not found
Refreshing native plugins compatible for Editor in 47.04 ms, found 1 plugins.
Preloading 0 native plugins for Editor in 0.00 ms.
Mono: successfully reloaded assembly
- Completed reload, in  3.624 seconds
Platform modules already initialized, skipping
========================================================================
Worker process is ready to serve import requests
Launched and connected shader compiler UnityShaderCompiler.exe after 0.05 seconds
Refreshing native plugins compatible for Editor in 0.39 ms, found 1 plugins.
Preloading 0 native plugins for Editor in 0.00 ms.
Unloading 2120 Unused Serialized files (Serialized files now loaded: 0)
System memory in use before: 96.1 MB.
System memory in use after: 96.1 MB.

Unloading 26 unused Assets to reduce memory usage. Loaded Objects now: 2565.
Total: 2.657500 ms (FindLiveObjects: 0.290400 ms CreateObjectMapping: 0.053200 ms MarkObjects: 2.161300 ms  DeleteObjects: 0.151000 ms)

========================================================================
Received Import Request.
  path: Assets/Scripts/In-Game Scripts/Player Scripts/PlayerManager.cs
  artifactKey: Guid(e68e64f6179ce164bbf2a4b8b18c06dc) Importer(815301076,1909f56bfc062723c751e8b465ee728b)
Start importing Assets/Scripts/In-Game Scripts/Player Scripts/PlayerManager.cs using Guid(e68e64f6179ce164bbf2a4b8b18c06dc) Importer(815301076,1909f56bfc062723c751e8b465ee728b)  -> (artifact id: '9b41a1436b9253bfde2f6fa643262703') in 0.896938 seconds
  Import took 0.954183 seconds .

========================================================================
Received Prepare
Registering precompiled user dll's ...
Registered in 0.001090 seconds.
Begin MonoManager ReloadAssembly
Native extension for LinuxStandalone target not found
Native extension for WindowsStandalone target not found
Refreshing native plugins compatible for Editor in 0.45 ms, found 1 plugins.
Preloading 0 native plugins for Editor in 0.00 ms.
Mono: successfully reloaded assembly
- Completed reload, in  1.187 seconds
Platform modules already initialized, skipping
Refreshing native plugins compatible for Editor in 0.43 ms, found 1 plugins.
Preloading 0 native plugins for Editor in 0.00 ms.
Unloading 2115 Unused Serialized files (Serialized files now loaded: 0)
System memory in use before: 96.2 MB.
System memory in use after: 96.2 MB.

Unloading 12 unused Assets to reduce memory usage. Loaded Objects now: 2569.
Total: 3.694700 ms (FindLiveObjects: 0.474200 ms CreateObjectMapping: 0.115300 ms MarkObjects: 2.477100 ms  DeleteObjects: 0.625800 ms)

========================================================================
Received Prepare
Registering precompiled user dll's ...
Registered in 0.001170 seconds.
Begin MonoManager ReloadAssembly
Native extension for LinuxStandalone target not found
Native extension for WindowsStandalone target not found
Refreshing native plugins compatible for Editor in 0.43 ms, found 1 plugins.
Preloading 0 native plugins for Editor in 0.00 ms.
Mono: successfully reloaded assembly
- Completed reload, in  1.117 seconds
Platform modules already initialized, skipping
Refreshing native plugins compatible for Editor in 0.41 ms, found 1 plugins.
Preloading 0 native plugins for Editor in 0.00 ms.
Unloading 2115 Unused Serialized files (Serialized files now loaded: 0)
System memory in use before: 96.3 MB.
System memory in use after: 96.3 MB.

Unloading 12 unused Assets to reduce memory usage. Loaded Objects now: 2573.
Total: 2.609300 ms (FindLiveObjects: 0.225900 ms CreateObjectMapping: 0.052600 ms MarkObjects: 2.198600 ms  DeleteObjects: 0.130500 ms)

========================================================================
Received Prepare
Registering precompiled user dll's ...
Registered in 0.001055 seconds.
Begin MonoManager ReloadAssembly
Native extension for LinuxStandalone target not found
Native extension for WindowsStandalone target not found
Refreshing native plugins compatible for Editor in 0.40 ms, found 1 plugins.
Preloading 0 native plugins for Editor in 0.00 ms.
Mono: successfully reloaded assembly
- Completed reload, in  1.137 seconds
Platform modules already initialized, skipping
Refreshing native plugins compatible for Editor in 0.43 ms, found 1 plugins.
Preloading 0 native plugins for Editor in 0.00 ms.
Unloading 2115 Unused Serialized files (Serialized files now loaded: 0)
System memory in use before: 96.3 MB.
System memory in use after: 96.3 MB.

Unloading 12 unused Assets to reduce memory usage. Loaded Objects now: 2577.
Total: 2.374700 ms (FindLiveObjects: 0.213900 ms CreateObjectMapping: 0.051100 ms MarkObjects: 1.995500 ms  DeleteObjects: 0.112900 ms)

========================================================================
Received Prepare
Registering precompiled user dll's ...
Registered in 0.001020 seconds.
Begin MonoManager ReloadAssembly
Native extension for LinuxStandalone target not found
Native extension for WindowsStandalone target not found
Refreshing native plugins compatible for Editor in 0.41 ms, found 1 plugins.
Preloading 0 native plugins for Editor in 0.00 ms.
Mono: successfully reloaded assembly
- Completed reload, in  1.143 seconds
Platform modules already initialized, skipping
Refreshing native plugins compatible for Editor in 0.41 ms, found 1 plugins.
Preloading 0 native plugins for Editor in 0.00 ms.
Unloading 2115 Unused Serialized files (Serialized files now loaded: 0)
System memory in use before: 96.3 MB.
System memory in use after: 96.3 MB.

Unloading 12 unused Assets to reduce memory usage. Loaded Objects now: 2581.
Total: 2.332400 ms (FindLiveObjects: 0.223000 ms CreateObjectMapping: 0.052000 ms MarkObjects: 1.937000 ms  DeleteObjects: 0.119200 ms)

========================================================================
Received Import Request.
  Time since last request: 3020.124642 seconds.
  path: Assets/Scripts/PressurePlate.cs
  artifactKey: Guid(c34ba67b13707c94390a2b557329a362) Importer(815301076,1909f56bfc062723c751e8b465ee728b)
Start importing Assets/Scripts/PressurePlate.cs using Guid(c34ba67b13707c94390a2b557329a362) Importer(815301076,1909f56bfc062723c751e8b465ee728b)  -> (artifact id: 'fafc4d2212233d0767708652baf17198') in 0.010241 seconds
  Import took 0.049524 seconds .

========================================================================
Received Prepare
Registering precompiled user dll's ...
Registered in 0.001385 seconds.
Begin MonoManager ReloadAssembly
Native extension for LinuxStandalone target not found
Native extension for WindowsStandalone target not found
Refreshing native plugins compatible for Editor in 0.41 ms, found 1 plugins.
Preloading 0 native plugins for Editor in 0.00 ms.
Mono: successfully reloaded assembly
- Completed reload, in  1.113 seconds
Platform modules already initialized, skipping
Refreshing native plugins compatible for Editor in 0.41 ms, found 1 plugins.
Preloading 0 native plugins for Editor in 0.00 ms.
Unloading 2116 Unused Serialized files (Serialized files now loaded: 0)
System memory in use before: 96.4 MB.
System memory in use after: 96.3 MB.

Unloading 12 unused Assets to reduce memory usage. Loaded Objects now: 2586.
Total: 2.377500 ms (FindLiveObjects: 0.230100 ms CreateObjectMapping: 0.052700 ms MarkObjects: 1.976500 ms  DeleteObjects: 0.116500 ms)

========================================================================
Received Import Request.
  Time since last request: 399.737295 seconds.
  path: Assets/Scripts/PressurePlate.cs
  artifactKey: Guid(c34ba67b13707c94390a2b557329a362) Importer(815301076,1909f56bfc062723c751e8b465ee728b)
Start importing Assets/Scripts/PressurePlate.cs using Guid(c34ba67b13707c94390a2b557329a362) Importer(815301076,1909f56bfc062723c751e8b465ee728b)  -> (artifact id: '8976e2be695a4f8d0348eeedee983fee') in 0.008862 seconds
  Import took 0.032076 seconds .

========================================================================
Received Prepare
Registering precompiled user dll's ...
Registered in 0.001282 seconds.
Begin MonoManager ReloadAssembly
Native extension for LinuxStandalone target not found
Native extension for WindowsStandalone target not found
Refreshing native plugins compatible for Editor in 0.51 ms, found 1 plugins.
Preloading 0 native plugins for Editor in 0.00 ms.
Mono: successfully reloaded assembly
- Completed reload, in  1.097 seconds
Platform modules already initialized, skipping
Refreshing native plugins compatible for Editor in 0.40 ms, found 1 plugins.
Preloading 0 native plugins for Editor in 0.00 ms.
Unloading 2116 Unused Serialized files (Serialized files now loaded: 0)
System memory in use before: 96.4 MB.
System memory in use after: 96.4 MB.

Unloading 12 unused Assets to reduce memory usage. Loaded Objects now: 2590.
Total: 2.519200 ms (FindLiveObjects: 0.221600 ms CreateObjectMapping: 0.051300 ms MarkObjects: 2.109300 ms  DeleteObjects: 0.135700 ms)

========================================================================
Received Prepare
Registering precompiled user dll's ...
Registered in 0.001013 seconds.
Begin MonoManager ReloadAssembly
Native extension for LinuxStandalone target not found
Native extension for WindowsStandalone target not found
Refreshing native plugins compatible for Editor in 0.40 ms, found 1 plugins.
Preloading 0 native plugins for Editor in 0.00 ms.
Mono: successfully reloaded assembly
- Completed reload, in  1.059 seconds
Platform modules already initialized, skipping
Refreshing native plugins compatible for Editor in 0.46 ms, found 1 plugins.
Preloading 0 native plugins for Editor in 0.00 ms.
Unloading 2116 Unused Serialized files (Serialized files now loaded: 0)
System memory in use before: 96.4 MB.
System memory in use after: 96.4 MB.

Unloading 12 unused Assets to reduce memory usage. Loaded Objects now: 2594.
Total: 2.319100 ms (FindLiveObjects: 0.209400 ms CreateObjectMapping: 0.051700 ms MarkObjects: 1.943600 ms  DeleteObjects: 0.113500 ms)

========================================================================
Received Prepare
Registering precompiled user dll's ...
Registered in 0.001488 seconds.
Begin MonoManager ReloadAssembly
Native extension for LinuxStandalone target not found
Native extension for WindowsStandalone target not found
Refreshing native plugins compatible for Editor in 0.41 ms, found 1 plugins.
Preloading 0 native plugins for Editor in 0.00 ms.
Mono: successfully reloaded assembly
- Completed reload, in  1.062 seconds
Platform modules already initialized, skipping
Refreshing native plugins compatible for Editor in 0.41 ms, found 1 plugins.
Preloading 0 native plugins for Editor in 0.00 ms.
Unloading 2116 Unused Serialized files (Serialized files now loaded: 0)
System memory in use before: 96.4 MB.
System memory in use after: 96.4 MB.

Unloading 12 unused Assets to reduce memory usage. Loaded Objects now: 2598.
Total: 2.518900 ms (FindLiveObjects: 0.218700 ms CreateObjectMapping: 0.052200 ms MarkObjects: 2.120500 ms  DeleteObjects: 0.126200 ms)

========================================================================
Received Prepare
Registering precompiled user dll's ...
Registered in 0.001038 seconds.
Begin MonoManager ReloadAssembly
Native extension for LinuxStandalone target not found
Native extension for WindowsStandalone target not found
Refreshing native plugins compatible for Editor in 0.52 ms, found 1 plugins.
Preloading 0 native plugins for Editor in 0.00 ms.
Mono: successfully reloaded assembly
- Completed reload, in  1.170 seconds
Platform modules already initialized, skipping
Refreshing native plugins compatible for Editor in 0.41 ms, found 1 plugins.
Preloading 0 native plugins for Editor in 0.00 ms.
Unloading 2115 Unused Serialized files (Serialized files now loaded: 0)
System memory in use before: 96.4 MB.
System memory in use after: 96.4 MB.

Unloading 13 unused Assets to reduce memory usage. Loaded Objects now: 2601.
Total: 2.537100 ms (FindLiveObjects: 0.217200 ms CreateObjectMapping: 0.053200 ms MarkObjects: 2.100000 ms  DeleteObjects: 0.165500 ms)

========================================================================
Received Prepare
Registering precompiled user dll's ...
Registered in 0.898494 seconds.
Begin MonoManager ReloadAssembly
Native extension for LinuxStandalone target not found
Native extension for WindowsStandalone target not found
Refreshing native plugins compatible for Editor in 1.03 ms, found 2 plugins.
Preloading 0 native plugins for Editor in 0.00 ms.
Mono: successfully reloaded assembly
- Completed reload, in  1.096 seconds
Platform modules already initialized, skipping
Refreshing native plugins compatible for Editor in 0.97 ms, found 2 plugins.
Preloading 0 native plugins for Editor in 0.00 ms.
Unloading 2236 Unused Serialized files (Serialized files now loaded: 0)
System memory in use before: 100.5 MB.
System memory in use after: 100.6 MB.

Unloading 68 unused Assets to reduce memory usage. Loaded Objects now: 2670.
Total: 2.484000 ms (FindLiveObjects: 0.273900 ms CreateObjectMapping: 0.061500 ms MarkObjects: 2.003600 ms  DeleteObjects: 0.143300 ms)

========================================================================
Received Prepare
Registering precompiled user dll's ...
Registered in 1.442514 seconds.
Begin MonoManager ReloadAssembly
Fallback handler could not load library C:/Program Files/Unity/Hub/Editor/2020.3.9f1/Editor/Data/Mono/lib/fmodstudioL
Fallback handler could not load library C:/Program Files/Unity/Hub/Editor/2020.3.9f1/Editor/Data/Mono/lib/fmodstudioL.dll
Fallback handler could not load library C:/Program Files/Unity/Hub/Editor/2020.3.9f1/Editor/Data/Mono/lib/fmodstudioL
Fallback handler could not load library C:/Program Files/Unity/Hub/Editor/2020.3.9f1/Editor/Data/Mono/lib/libfmodstudioL
Fallback handler could not load library C:/Program Files/Unity/Hub/Editor/2020.3.9f1/Editor/Data/Mono/lib/libfmodstudioL.dll
Fallback handler could not load library C:/Program Files/Unity/Hub/Editor/2020.3.9f1/Editor/Data/Mono/lib/libfmodstudioL
Native extension for LinuxStandalone target not found
Native extension for WindowsStandalone target not found
Refreshing native plugins compatible for Editor in 0.93 ms, found 3 plugins.
Preloading 0 native plugins for Editor in 0.00 ms.
Mono: successfully reloaded assembly
- Completed reload, in  1.123 seconds
Platform modules already initialized, skipping
Refreshing native plugins compatible for Editor in 0.95 ms, found 3 plugins.
Preloading 0 native plugins for Editor in 0.00 ms.
Unloading 2235 Unused Serialized files (Serialized files now loaded: 0)
System memory in use before: 100.5 MB.
System memory in use after: 100.6 MB.

Unloading 67 unused Assets to reduce memory usage. Loaded Objects now: 2674.
Total: 2.568700 ms (FindLiveObjects: 0.241700 ms CreateObjectMapping: 0.059100 ms MarkObjects: 2.133700 ms  DeleteObjects: 0.132900 ms)

========================================================================
Received Import Request.
  Time since last request: 7514.861397 seconds.
  path: Assets/Audio
  artifactKey: Guid(a4a6874d31d973f4490d913914fc3da8) Importer(815301076,1909f56bfc062723c751e8b465ee728b)
Start importing Assets/Audio using Guid(a4a6874d31d973f4490d913914fc3da8) Importer(815301076,1909f56bfc062723c751e8b465ee728b)  -> (artifact id: '4f17a7d385eed176e1ca8ffabbbf4c6c') in 0.010382 seconds
  Import took 0.014408 seconds .

========================================================================
Received Import Request.
  Time since last request: 5.287435 seconds.
  path: Assets/Audio/FMOD
  artifactKey: Guid(197f161041dd33745b88627d7427c537) Importer(815301076,1909f56bfc062723c751e8b465ee728b)
Start importing Assets/Audio/FMOD using Guid(197f161041dd33745b88627d7427c537) Importer(815301076,1909f56bfc062723c751e8b465ee728b)  -> (artifact id: '885141007d4e2908fe277e8756963612') in 0.007835 seconds
  Import took 0.011310 seconds .

========================================================================
Received Prepare
Registering precompiled user dll's ...
Registered in 0.003848 seconds.
Begin MonoManager ReloadAssembly
Native extension for LinuxStandalone target not found
Native extension for WindowsStandalone target not found
Refreshing native plugins compatible for Editor in 0.94 ms, found 3 plugins.
Preloading 0 native plugins for Editor in 0.00 ms.
Mono: successfully reloaded assembly
- Completed reload, in  1.087 seconds
Platform modules already initialized, skipping
Refreshing native plugins compatible for Editor in 0.94 ms, found 3 plugins.
Preloading 0 native plugins for Editor in 0.00 ms.
Unloading 2235 Unused Serialized files (Serialized files now loaded: 0)
System memory in use before: 100.6 MB.
System memory in use after: 100.7 MB.

Unloading 67 unused Assets to reduce memory usage. Loaded Objects now: 2678.
Total: 2.564100 ms (FindLiveObjects: 0.248600 ms CreateObjectMapping: 0.059500 ms MarkObjects: 2.123300 ms  DeleteObjects: 0.131600 ms)

========================================================================
Received Prepare
Registering precompiled user dll's ...
Registered in 0.004098 seconds.
Begin MonoManager ReloadAssembly
Native extension for LinuxStandalone target not found
Native extension for WindowsStandalone target not found
Refreshing native plugins compatible for Editor in 0.95 ms, found 3 plugins.
Preloading 0 native plugins for Editor in 0.00 ms.
Mono: successfully reloaded assembly
- Completed reload, in  1.094 seconds
Platform modules already initialized, skipping
Refreshing native plugins compatible for Editor in 0.97 ms, found 3 plugins.
Preloading 0 native plugins for Editor in 0.00 ms.
Unloading 2235 Unused Serialized files (Serialized files now loaded: 0)
System memory in use before: 100.6 MB.
System memory in use after: 100.7 MB.

Unloading 67 unused Assets to reduce memory usage. Loaded Objects now: 2682.
Total: 3.167600 ms (FindLiveObjects: 0.264200 ms CreateObjectMapping: 0.060700 ms MarkObjects: 2.670100 ms  DeleteObjects: 0.170600 ms)

========================================================================
Received Prepare
Registering precompiled user dll's ...
Registered in 0.004541 seconds.
Begin MonoManager ReloadAssembly
Native extension for LinuxStandalone target not found
Native extension for WindowsStandalone target not found
Refreshing native plugins compatible for Editor in 0.94 ms, found 3 plugins.
Preloading 0 native plugins for Editor in 0.00 ms.
Mono: successfully reloaded assembly
- Completed reload, in  1.108 seconds
Platform modules already initialized, skipping
Refreshing native plugins compatible for Editor in 0.95 ms, found 3 plugins.
Preloading 0 native plugins for Editor in 0.00 ms.
Unloading 2235 Unused Serialized files (Serialized files now loaded: 0)
System memory in use before: 100.6 MB.
System memory in use after: 100.7 MB.

Unloading 67 unused Assets to reduce memory usage. Loaded Objects now: 2686.
Total: 2.487800 ms (FindLiveObjects: 0.265300 ms CreateObjectMapping: 0.060800 ms MarkObjects: 2.027400 ms  DeleteObjects: 0.133300 ms)

========================================================================
Received Prepare
Registering precompiled user dll's ...
Registered in 0.004447 seconds.
Begin MonoManager ReloadAssembly
Native extension for LinuxStandalone target not found
Native extension for WindowsStandalone target not found
Refreshing native plugins compatible for Editor in 1.06 ms, found 3 plugins.
Preloading 0 native plugins for Editor in 0.00 ms.
Mono: successfully reloaded assembly
- Completed reload, in  1.110 seconds
Platform modules already initialized, skipping
Refreshing native plugins compatible for Editor in 0.97 ms, found 3 plugins.
Preloading 0 native plugins for Editor in 0.00 ms.
Unloading 2235 Unused Serialized files (Serialized files now loaded: 0)
System memory in use before: 100.6 MB.
System memory in use after: 100.7 MB.

Unloading 67 unused Assets to reduce memory usage. Loaded Objects now: 2690.
Total: 2.734600 ms (FindLiveObjects: 0.284900 ms CreateObjectMapping: 0.062800 ms MarkObjects: 2.244400 ms  DeleteObjects: 0.141200 ms)

========================================================================
Received Import Request.
  Time since last request: 1926.112958 seconds.
  path: Assets/Prefabs/Player.prefab
  artifactKey: Guid(89543bc732db93845b5bbea73556472f) Importer(815301076,1909f56bfc062723c751e8b465ee728b)
Start importing Assets/Prefabs/Player.prefab using Guid(89543bc732db93845b5bbea73556472f) Importer(815301076,1909f56bfc062723c751e8b465ee728b)  -> (artifact id: '47a0522129f7f2babdbdb5cbdfaa0ed0') in 0.472588 seconds
  Import took 0.476355 seconds .

========================================================================
Received Prepare
Registering precompiled user dll's ...
Registered in 0.004918 seconds.
Begin MonoManager ReloadAssembly
Native extension for LinuxStandalone target not found
Native extension for WindowsStandalone target not found
Refreshing native plugins compatible for Editor in 1.01 ms, found 3 plugins.
Preloading 0 native plugins for Editor in 0.00 ms.
Mono: successfully reloaded assembly
- Completed reload, in  1.213 seconds
Platform modules already initialized, skipping
Refreshing native plugins compatible for Editor in 0.94 ms, found 3 plugins.
Preloading 0 native plugins for Editor in 0.00 ms.
Unloading 2235 Unused Serialized files (Serialized files now loaded: 0)
System memory in use before: 103.6 MB.
System memory in use after: 103.7 MB.

Unloading 67 unused Assets to reduce memory usage. Loaded Objects now: 2701.
Total: 2.605200 ms (FindLiveObjects: 0.307700 ms CreateObjectMapping: 0.060000 ms MarkObjects: 2.101200 ms  DeleteObjects: 0.135100 ms)

========================================================================
Received Prepare
Registering precompiled user dll's ...
Registered in 0.004140 seconds.
Begin MonoManager ReloadAssembly
Native extension for LinuxStandalone target not found
Native extension for WindowsStandalone target not found
Refreshing native plugins compatible for Editor in 0.93 ms, found 3 plugins.
Preloading 0 native plugins for Editor in 0.00 ms.
Mono: successfully reloaded assembly
- Completed reload, in  1.146 seconds
Platform modules already initialized, skipping
Refreshing native plugins compatible for Editor in 0.94 ms, found 3 plugins.
Preloading 0 native plugins for Editor in 0.00 ms.
Unloading 2235 Unused Serialized files (Serialized files now loaded: 0)
System memory in use before: 103.6 MB.
System memory in use after: 103.7 MB.

Unloading 67 unused Assets to reduce memory usage. Loaded Objects now: 2705.
Total: 2.530300 ms (FindLiveObjects: 0.262000 ms CreateObjectMapping: 0.062100 ms MarkObjects: 2.070000 ms  DeleteObjects: 0.134700 ms)

========================================================================
Received Prepare
Registering precompiled user dll's ...
Registered in 0.003749 seconds.
Begin MonoManager ReloadAssembly
Native extension for LinuxStandalone target not found
Native extension for WindowsStandalone target not found
Refreshing native plugins compatible for Editor in 0.92 ms, found 3 plugins.
Preloading 0 native plugins for Editor in 0.00 ms.
Mono: successfully reloaded assembly
- Completed reload, in  1.129 seconds
Platform modules already initialized, skipping
Refreshing native plugins compatible for Editor in 0.95 ms, found 3 plugins.
Preloading 0 native plugins for Editor in 0.00 ms.
Unloading 2235 Unused Serialized files (Serialized files now loaded: 0)
System memory in use before: 103.6 MB.
System memory in use after: 103.7 MB.

Unloading 67 unused Assets to reduce memory usage. Loaded Objects now: 2709.
Total: 2.535100 ms (FindLiveObjects: 0.245800 ms CreateObjectMapping: 0.062800 ms MarkObjects: 2.091400 ms  DeleteObjects: 0.133900 ms)

========================================================================
Received Import Request.
  Time since last request: 58.444924 seconds.
  path: Assets/Prefabs/Player.prefab
  artifactKey: Guid(89543bc732db93845b5bbea73556472f) Importer(815301076,1909f56bfc062723c751e8b465ee728b)
Start importing Assets/Prefabs/Player.prefab using Guid(89543bc732db93845b5bbea73556472f) Importer(815301076,1909f56bfc062723c751e8b465ee728b)  -> (artifact id: '36629adb383772b5fbd9e69d70209aac') in 0.080351 seconds
  Import took 0.138887 seconds .

========================================================================
Received Prepare
Registering precompiled user dll's ...
Registered in 0.004304 seconds.
Begin MonoManager ReloadAssembly
Native extension for LinuxStandalone target not found
Native extension for WindowsStandalone target not found
Refreshing native plugins compatible for Editor in 0.96 ms, found 3 plugins.
Preloading 0 native plugins for Editor in 0.00 ms.
Mono: successfully reloaded assembly
- Completed reload, in  1.177 seconds
Platform modules already initialized, skipping
Refreshing native plugins compatible for Editor in 1.18 ms, found 3 plugins.
Preloading 0 native plugins for Editor in 0.00 ms.
Unloading 2235 Unused Serialized files (Serialized files now loaded: 0)
System memory in use before: 103.6 MB.
System memory in use after: 103.7 MB.

Unloading 67 unused Assets to reduce memory usage. Loaded Objects now: 2714.
Total: 3.167700 ms (FindLiveObjects: 0.461200 ms CreateObjectMapping: 0.072000 ms MarkObjects: 2.477300 ms  DeleteObjects: 0.155100 ms)

AssetImportWorkerClient::OnTransportError - code=2 error=End of file
